<?xml version="1.0" encoding="UTF-8"?>
<!-- Generated by org.testng.reporters.JUnitReportReporter -->
<testsuite hostname="LAPTOP-R87L3L5C" failures="0" tests="1" name="sukhoi71.simplegetest" time="1.215" errors="0" timestamp="20 Apr 2020 22:38:53 GMT" skipped="0">
  <testcase classname="sukhoi71.simplegetest" name="getweatherdetails" time="1.215"/>
</testsuite> <!-- sukhoi71.simplegetest -->
