<?xml version="1.0" encoding="UTF-8"?>
<!-- Generated by org.testng.reporters.JUnitReportReporter -->
<testsuite hostname="LAPTOP-R87L3L5C" failures="0" tests="1" name="sukhoi71.tc1getrequest" time="2.334" errors="0" timestamp="21 Apr 2020 01:37:30 GMT" skipped="0">
  <testcase classname="sukhoi71.tc1getrequest" name="getweatherdetails" time="2.334"/>
</testsuite> <!-- sukhoi71.tc1getrequest -->
